<?xml version="1.0" encoding="UTF-8"?>
<testsuites>
  <testsuite name="System Bootstrap" tests="1" failures="1" errors="0">
    <testcase name="System Bootstrap" classname="IntegrationTests" time="0">
      <failure message="Test suite failed">One or more tests in the suite failed</failure>
    </testcase>
  </testsuite>
  <testsuite name="Program Execution" tests="1" failures="1" errors="0">
    <testcase name="Program Execution" classname="IntegrationTests" time="0">
      <failure message="Test suite failed">One or more tests in the suite failed</failure>
    </testcase>
  </testsuite>
  <testsuite name="End-to-End Workflow" tests="1" failures="1" errors="0">
    <testcase name="End-to-End Workflow" classname="IntegrationTests" time="0">
      <failure message="Test suite failed">One or more tests in the suite failed</failure>
    </testcase>
  </testsuite>
  <testsuite name="Performance Validation" tests="1" failures="1" errors="0">
    <testcase name="Performance Validation" classname="IntegrationTests" time="0">
      <failure message="Test suite failed">One or more tests in the suite failed</failure>
    </testcase>
  </testsuite>
</testsuites>
